0 info it worked if it ends with ok
1 verbose cli [ '/usr/bin/nodejs', '/usr/bin/npm', 'install' ]
2 info using npm@1.3.10
3 info using node@v0.10.25
4 verbose readDependencies using package.json deps
5 verbose install where, deps [ '/home/kathy/cpsc-473/hw8',
5 verbose install   [ 'express', 'jade', 'mongoose', 'bodyParser' ] ]
6 info preinstall hw8@0.0.0
7 verbose readDependencies using package.json deps
8 verbose cache add [ 'bodyParser@*', null ]
9 verbose cache add name=undefined spec="bodyParser@*" args=["bodyParser@*",null]
10 verbose parsed url { protocol: null,
10 verbose parsed url   slashes: null,
10 verbose parsed url   auth: null,
10 verbose parsed url   host: null,
10 verbose parsed url   port: null,
10 verbose parsed url   hostname: null,
10 verbose parsed url   hash: null,
10 verbose parsed url   search: null,
10 verbose parsed url   query: null,
10 verbose parsed url   pathname: 'bodyParser@*',
10 verbose parsed url   path: 'bodyParser@*',
10 verbose parsed url   href: 'bodyParser@*' }
11 verbose cache add name="bodyParser" spec="*" args=["bodyParser","*"]
12 verbose parsed url { protocol: null,
12 verbose parsed url   slashes: null,
12 verbose parsed url   auth: null,
12 verbose parsed url   host: null,
12 verbose parsed url   port: null,
12 verbose parsed url   hostname: null,
12 verbose parsed url   hash: null,
12 verbose parsed url   search: null,
12 verbose parsed url   query: null,
12 verbose parsed url   pathname: '*',
12 verbose parsed url   path: '*',
12 verbose parsed url   href: '*' }
13 verbose addNamed [ 'bodyParser', '*' ]
14 verbose addNamed [ null, '*' ]
15 verbose already installed skipping jade@1.* /home/kathy/cpsc-473/hw8
16 verbose already installed skipping mongoose@3.8.* /home/kathy/cpsc-473/hw8
17 verbose already installed skipping express@4.* /home/kathy/cpsc-473/hw8
18 silly lockFile f371707b-bodyParser bodyParser@*
19 verbose lock bodyParser@* /home/kathy/.npm/f371707b-bodyParser.lock
20 silly addNameRange { name: 'bodyParser', range: '*', hasData: false }
21 verbose url raw bodyParser
22 verbose url resolving [ 'https://registry.npmjs.org/', './bodyParser' ]
23 verbose url resolved https://registry.npmjs.org/bodyParser
24 info trying registry request attempt 1 at 13:51:06
25 http GET https://registry.npmjs.org/bodyParser
26 http 404 https://registry.npmjs.org/bodyParser
27 silly registry.get cb [ 404,
27 silly registry.get   { date: 'Wed, 15 Apr 2015 20:51:10 GMT',
27 silly registry.get     server: 'CouchDB/1.5.0 (Erlang OTP/R16B03)',
27 silly registry.get     'content-type': 'application/json',
27 silly registry.get     'cache-control': 'max-age=0',
27 silly registry.get     'content-length': '51',
27 silly registry.get     'accept-ranges': 'bytes',
27 silly registry.get     via: '1.1 varnish',
27 silly registry.get     age: '0',
27 silly registry.get     'x-served-by': 'cache-lax1435-LAX',
27 silly registry.get     'x-cache': 'MISS',
27 silly registry.get     'x-cache-hits': '0',
27 silly registry.get     'x-timer': 'S1429131070.703520,VS0,VE47',
27 silly registry.get     'keep-alive': 'timeout=10, max=50',
27 silly registry.get     connection: 'Keep-Alive' } ]
28 silly lockFile f371707b-bodyParser bodyParser@*
29 silly lockFile f371707b-bodyParser bodyParser@*
30 error 404 'bodyParser' is not in the npm registry.
30 error 404 You should bug the author to publish it
30 error 404
30 error 404 Note that you can also install from a
30 error 404 tarball, folder, or http url, or git url.
31 error System Linux 3.16.0-34-generic
32 error command "/usr/bin/nodejs" "/usr/bin/npm" "install"
33 error cwd /home/kathy/cpsc-473/hw8
34 error node -v v0.10.25
35 error npm -v 1.3.10
36 error code E404
37 verbose exit [ 1, true ]
